midterm_examination/app/build/intermediates/manifest_merge_blame_file/debug/manifest-merger-blame-debug-report.txt
1<?xml version="1.0" encoding="utf-8"?>
2<!--
3 Copyright (C) 2007 The Android Open Source Project
4
5     Licensed under the Apache License, Version 2.0 (the "License");
6     you may not use this file except in compliance with the License.
7     You may obtain a copy of the License at
8
9          http://www.apache.org/licenses/LICENSE-2.0
10
11     Unless required by applicable law or agreed to in writing, software
12     distributed under the License is distributed on an "AS IS" BASIS,
13     WITHOUT WARRANTIES OR CONDITIONS OF ANY KIND, either express or implied.
14     See the License for the specific language governing permissions and
15     limitations under the License.
16-->
17<!--
18 Declare the contents of this Android application.  The namespace
19     attribute brings in the Android platform namespace, and the package
20     supplies a unique name for the application.  When writing your
21     own application, the package name must be changed from "com.example.*"
22     to come from a domain that you own or have control over.
23-->
24<manifest xmlns:android="http://schemas.android.com/apk/res/android"
25    package="com.example.android.notepad" >
26
27    <uses-sdk
28        android:minSdkVersion="14"
28-->src\main\AndroidManifest.xml
29        android:targetSdkVersion="29" />
29-->src\main\AndroidManifest.xml
30
31    <application
31-->src\main\AndroidManifest.xml:26:5-121:19
32        android:appComponentFactory="android.support.v4.app.CoreComponentFactory"
32-->[com.android.support:support-compat:28.0.0] AndroidManifest.xml:22:18-91
33        android:debuggable="true"
34        android:icon="@drawable/app_notes"
34-->src\main\AndroidManifest.xml:26:18-52
35        android:label="@string/app_name"
35-->src\main\AndroidManifest.xml:27:9-41
36        android:testOnly="true" >
37        <provider
37-->src\main\AndroidManifest.xml:29:9-33:20
38            android:name="com.example.android.notepad.NotePadProvider"
38-->src\main\AndroidManifest.xml:29:19-49
39            android:authorities="com.google.provider.NotePad"
39-->src\main\AndroidManifest.xml:30:13-62
40            android:exported="false" >
40-->src\main\AndroidManifest.xml:31:13-37
41            <grant-uri-permission android:pathPattern=".*" />
41-->src\main\AndroidManifest.xml:32:13-62
41-->src\main\AndroidManifest.xml:32:35-59
42        </provider>
43
44        <activity
44-->src\main\AndroidManifest.xml:35:9-52:20
45            android:name="com.example.android.notepad.NotesList"
45-->src\main\AndroidManifest.xml:35:19-43
46            android:label="@string/title_notes_list" >
46-->src\main\AndroidManifest.xml:35:44-84
47            <intent-filter>
47-->src\main\AndroidManifest.xml:36:13-39:29
48                <action android:name="android.intent.action.MAIN" />
48-->src\main\AndroidManifest.xml:37:17-69
48-->src\main\AndroidManifest.xml:37:25-66
49
50                <category android:name="android.intent.category.LAUNCHER" />
50-->src\main\AndroidManifest.xml:38:17-77
50-->src\main\AndroidManifest.xml:38:27-74
51            </intent-filter>
52            <intent-filter>
52-->src\main\AndroidManifest.xml:40:13-46:29
53                <action android:name="android.intent.action.VIEW" />
53-->src\main\AndroidManifest.xml:41:17-69
53-->src\main\AndroidManifest.xml:41:25-66
54                <action android:name="android.intent.action.EDIT" />
54-->src\main\AndroidManifest.xml:42:17-69
54-->src\main\AndroidManifest.xml:42:25-66
55                <action android:name="android.intent.action.PICK" />
55-->src\main\AndroidManifest.xml:43:17-69
55-->src\main\AndroidManifest.xml:43:25-66
56
57                <category android:name="android.intent.category.DEFAULT" />
57-->src\main\AndroidManifest.xml:44:17-76
57-->src\main\AndroidManifest.xml:44:27-73
58
59                <data android:mimeType="vnd.android.cursor.dir/vnd.google.note" />
59-->src\main\AndroidManifest.xml:45:17-83
59-->src\main\AndroidManifest.xml:45:23-80
60            </intent-filter>
61            <intent-filter>
61-->src\main\AndroidManifest.xml:47:13-51:29
62                <action android:name="android.intent.action.GET_CONTENT" />
62-->src\main\AndroidManifest.xml:48:17-76
62-->src\main\AndroidManifest.xml:48:25-73
63
64                <category android:name="android.intent.category.DEFAULT" />
64-->src\main\AndroidManifest.xml:44:17-76
64-->src\main\AndroidManifest.xml:44:27-73
65
66                <data android:mimeType="vnd.android.cursor.item/vnd.google.note" />
66-->src\main\AndroidManifest.xml:45:17-83
66-->src\main\AndroidManifest.xml:45:23-80
67            </intent-filter>
68        </activity>
69        <!-- 添加搜索activity -->
70        <activity
70-->src\main\AndroidManifest.xml:54:9-57:20
71            android:name="com.example.android.notepad.NoteSearch"
71-->src\main\AndroidManifest.xml:55:13-38
72            android:label="@string/title_notes_search" >
72-->src\main\AndroidManifest.xml:56:13-55
73        </activity>
74        <activity
74-->src\main\AndroidManifest.xml:58:9-84:20
75            android:name="com.example.android.notepad.NoteEditor"
75-->src\main\AndroidManifest.xml:58:19-44
76            android:configChanges="keyboardHidden|orientation"
76-->src\main\AndroidManifest.xml:61:13-63
77            android:screenOrientation="sensor"
77-->src\main\AndroidManifest.xml:60:13-47
78            android:theme="@android:style/Theme.Holo.Light" >
78-->src\main\AndroidManifest.xml:59:13-60
79
80            <!--
81                 This filter says that we can view or edit the data of
82                 a single note
83            -->
84            <intent-filter android:label="@string/resolve_edit" >
84-->src\main\AndroidManifest.xml:65:13-71:29
84-->src\main\AndroidManifest.xml:65:28-64
85                <action android:name="android.intent.action.VIEW" />
85-->src\main\AndroidManifest.xml:41:17-69
85-->src\main\AndroidManifest.xml:41:25-66
86                <action android:name="android.intent.action.EDIT" />
86-->src\main\AndroidManifest.xml:42:17-69
86-->src\main\AndroidManifest.xml:42:25-66
87                <action android:name="com.android.notepad.action.EDIT_NOTE" />
87-->src\main\AndroidManifest.xml:68:17-79
87-->src\main\AndroidManifest.xml:68:25-76
88
89                <category android:name="android.intent.category.DEFAULT" />
89-->src\main\AndroidManifest.xml:44:17-76
89-->src\main\AndroidManifest.xml:44:27-73
90
91                <data android:mimeType="vnd.android.cursor.item/vnd.google.note" />
91-->src\main\AndroidManifest.xml:45:17-83
91-->src\main\AndroidManifest.xml:45:23-80
92            </intent-filter>
93
94            <!--
95                 This filter says that we can create a new note inside
96                 of a directory of notes.  The INSERT action creates an
97                 empty note; the PASTE action initializes a new note from
98                 the current contents of the clipboard.
99            -->
100            <intent-filter>
100-->src\main\AndroidManifest.xml:77:13-82:29
101                <action android:name="android.intent.action.INSERT" />
101-->src\main\AndroidManifest.xml:78:17-71
101-->src\main\AndroidManifest.xml:78:25-68
102                <action android:name="android.intent.action.PASTE" />
102-->src\main\AndroidManifest.xml:79:17-70
102-->src\main\AndroidManifest.xml:79:25-67
103
104                <category android:name="android.intent.category.DEFAULT" />
104-->src\main\AndroidManifest.xml:44:17-76
104-->src\main\AndroidManifest.xml:44:27-73
105
106                <data android:mimeType="vnd.android.cursor.dir/vnd.google.note" />
106-->src\main\AndroidManifest.xml:45:17-83
106-->src\main\AndroidManifest.xml:45:23-80
107            </intent-filter>
108        </activity>
109        <activity
109-->src\main\AndroidManifest.xml:86:9-111:20
110            android:name="com.example.android.notepad.TitleEditor"
110-->src\main\AndroidManifest.xml:86:19-45
111            android:icon="@drawable/ic_menu_edit"
111-->src\main\AndroidManifest.xml:88:13-50
112            android:label="@string/title_edit_title"
112-->src\main\AndroidManifest.xml:87:13-53
113            android:theme="@android:style/Theme.Holo.Dialog"
113-->src\main\AndroidManifest.xml:89:13-61
114            android:windowSoftInputMode="stateVisible" >
114-->src\main\AndroidManifest.xml:90:13-55
115
116            <!--
117                 This activity implements an alternative action that can be
118                 performed on notes: editing their title.  It can be used as
119                 a default operation if the user invokes this action, and is
120                 available as an alternative action for any note data.
121            -->
122            <intent-filter android:label="@string/resolve_title" >
122-->src\main\AndroidManifest.xml:95:13-110:29
122-->src\main\AndroidManifest.xml:95:28-65
123
124                <!--
125                     This is the action we perform.  It is a custom action we
126                     define for our application, not a generic VIEW or EDIT
127                     action since we are not a general note viewer/editor.
128                -->
129                <action android:name="com.android.notepad.action.EDIT_TITLE" />
129-->src\main\AndroidManifest.xml:99:17-80
129-->src\main\AndroidManifest.xml:99:25-77
130                <!-- DEFAULT: execute if being directly invoked. -->
131                <category android:name="android.intent.category.DEFAULT" />
131-->src\main\AndroidManifest.xml:44:17-76
131-->src\main\AndroidManifest.xml:44:27-73
132                <!--
133                     ALTERNATIVE: show as an alternative action when the user is
134                     working with this type of data.
135                -->
136                <category android:name="android.intent.category.ALTERNATIVE" />
136-->src\main\AndroidManifest.xml:104:17-80
136-->src\main\AndroidManifest.xml:104:27-77
137                <!--
138                     SELECTED_ALTERNATIVE: show as an alternative action the user
139                     can perform when selecting this type of data.
140                -->
141                <category android:name="android.intent.category.SELECTED_ALTERNATIVE" />
141-->src\main\AndroidManifest.xml:107:17-89
141-->src\main\AndroidManifest.xml:107:27-86
142                <!-- This is the data type we operate on. -->
143                <data android:mimeType="vnd.android.cursor.item/vnd.google.note" />
143-->src\main\AndroidManifest.xml:45:17-83
143-->src\main\AndroidManifest.xml:45:23-80
144            </intent-filter>
145        </activity>
146        <activity
146-->src\main\AndroidManifest.xml:113:9-119:20
147            android:name="com.example.android.notepad.NotesLiveFolder"
147-->src\main\AndroidManifest.xml:113:19-49
148            android:icon="@drawable/live_folder_notes"
148-->src\main\AndroidManifest.xml:114:13-55
149            android:label="@string/live_folder_name" >
149-->src\main\AndroidManifest.xml:113:50-90
150            <intent-filter>
150-->src\main\AndroidManifest.xml:115:13-118:29
151                <action android:name="android.intent.action.CREATE_LIVE_FOLDER" />
151-->src\main\AndroidManifest.xml:116:17-83
151-->src\main\AndroidManifest.xml:116:25-80
152
153                <category android:name="android.intent.category.DEFAULT" />
153-->src\main\AndroidManifest.xml:44:17-76
153-->src\main\AndroidManifest.xml:44:27-73
154            </intent-filter>
155        </activity>
156    </application>
157
158</manifest>